<?xml version="1.0" encoding="UTF-8"?>
<testng-results ignored="0" total="1" passed="1" failed="0" skipped="0">
  <reporter-output>
  </reporter-output>
  <suite started-at="2023-06-13T12:41:29 IST" name="Default suite" finished-at="2023-06-13T12:49:09 IST" duration-ms="459979">
    <groups>
    </groups>
    <test started-at="2023-06-13T12:41:29 IST" name="Default test" finished-at="2023-06-13T12:49:09 IST" duration-ms="459979">
      <class name="com.wk.qa.runner.Matter">
        <test-method signature="matterRunner()[pri:0, instance:com.wk.qa.runner.Matter@659eef7]" started-at="2023-06-13T12:41:29 IST" name="matterRunner" finished-at="2023-06-13T12:49:09 IST" duration-ms="459866" status="PASS">
          <reporter-output>
          </reporter-output>
        </test-method> <!-- matterRunner -->
      </class> <!-- com.wk.qa.runner.Matter -->
    </test> <!-- Default test -->
  </suite> <!-- Default suite -->
</testng-results>
