<?xml version="1.0" encoding="UTF-8"?>
<testng-results ignored="0" total="1" passed="1" failed="0" skipped="0">
  <reporter-output>
  </reporter-output>
  <suite started-at="2023-06-28T17:42:30 IST" name="Default suite" finished-at="2023-06-28T17:42:31 IST" duration-ms="608">
    <groups>
    </groups>
    <test started-at="2023-06-28T17:42:30 IST" name="Default test" finished-at="2023-06-28T17:42:31 IST" duration-ms="608">
      <class name="org.wk.runner.CreateFeaturFile">
        <test-method signature="generateMethods()[pri:0, instance:org.wk.runner.CreateFeaturFile@2a3b5b47]" started-at="2023-06-28T17:42:30 IST" name="generateMethods" finished-at="2023-06-28T17:42:31 IST" duration-ms="570" status="PASS">
          <reporter-output>
          </reporter-output>
        </test-method> <!-- generateMethods -->
      </class> <!-- org.wk.runner.CreateFeaturFile -->
    </test> <!-- Default test -->
  </suite> <!-- Default suite -->
</testng-results>
