<?xml version="1.0" encoding="UTF-8"?>
<testng-results ignored="0" total="1" passed="1" failed="0" skipped="0">
  <reporter-output>
  </reporter-output>
  <suite started-at="2023-05-23T12:48:44 IST" name="Default suite" finished-at="2023-05-23T12:48:47 IST" duration-ms="3846">
    <groups>
    </groups>
    <test started-at="2023-05-23T12:48:44 IST" name="Default test" finished-at="2023-05-23T12:48:47 IST" duration-ms="3846">
      <class name="com.atmecs.qa.testsuite.Activities">
        <test-method signature="activityMethods()[pri:0, instance:com.atmecs.qa.testsuite.Activities@17f9d882]" started-at="2023-05-23T12:48:44 IST" name="activityMethods" finished-at="2023-05-23T12:48:47 IST" duration-ms="3798" status="PASS">
          <reporter-output>
          </reporter-output>
        </test-method> <!-- activityMethods -->
      </class> <!-- com.atmecs.qa.testsuite.Activities -->
    </test> <!-- Default test -->
  </suite> <!-- Default suite -->
</testng-results>
